<?xml version="1.0" encoding="UTF-8"?>
<!-- Generated by org.testng.reporters.JUnitXMLReporter -->
<testsuite ignored="2" hostname="ImransDell" failures="0" tests="2" name="Test" time="5.415" errors="0" timestamp="2024-10-15T15:26:01 IST">
  <testcase classname="com.catering.test.ProductAdd" name="adminLogin" time="2.501"/>
  <testcase classname="com.catering.test.ProductAdd" name="addMultipleProduct" time="1.913"/>
  <testcase classname="com.catering.test.ProductAdd" name="sampleExcel" time="0.0">
    <ignored/>
  </testcase> <!-- sampleExcel -->
  <testcase classname="com.catering.test.ProductAdd" name="addProducts" time="0.0">
    <ignored/>
  </testcase> <!-- addProducts -->
</testsuite> <!-- Test -->
