<?xml version="1.0" encoding="UTF-8"?>
<!-- Generated by org.testng.reporters.JUnitXMLReporter -->
<testsuite ignored="5" hostname="ImransDell" failures="0" tests="1" name="Test" time="2.8" errors="0" timestamp="2024-09-24T18:53:43 IST">
  <testcase classname="com.catering.test.Cateringtest" name="getPayments" time="2.753"/>
  <testcase classname="com.catering.test.Cateringtest" name="loginUser" time="0.0">
    <ignored/>
  </testcase> <!-- loginUser -->
  <testcase classname="com.catering.test.Cateringtest" name="getByLocation" time="0.0">
    <ignored/>
  </testcase> <!-- getByLocation -->
  <testcase classname="com.catering.test.Cateringtest" name="getAllLocation" time="0.0">
    <ignored/>
  </testcase> <!-- getAllLocation -->
  <testcase classname="com.catering.test.Cateringtest" name="createOrderRequest" time="0.0">
    <ignored/>
  </testcase> <!-- createOrderRequest -->
  <testcase classname="com.catering.test.Cateringtest" name="paymentGateway" time="0.0">
    <ignored/>
  </testcase> <!-- paymentGateway -->
</testsuite> <!-- Test -->
