<?xml version="1.0" encoding="UTF-8"?>
<!-- Generated by org.testng.reporters.JUnitXMLReporter -->
<testsuite ignored="7" hostname="ImransDell" failures="0" tests="1" name="Test" time="6.745" errors="0" timestamp="2024-10-07T10:50:44 IST">
  <testcase classname="com.catering.test.Cateringtest" name="loginAndSelectItemsForUsers" time="5.963"/>
  <testcase classname="com.catering.test.Cateringtest" name="testPayment" time="0.0">
    <ignored/>
  </testcase> <!-- testPayment -->
  <testcase classname="com.catering.test.Cateringtest" name="loginUser" time="0.0">
    <ignored/>
  </testcase> <!-- loginUser -->
  <testcase classname="com.catering.test.Cateringtest" name="getByLocation" time="0.0">
    <ignored/>
  </testcase> <!-- getByLocation -->
  <testcase classname="com.catering.test.Cateringtest" name="getAllLocation" time="0.0">
    <ignored/>
  </testcase> <!-- getAllLocation -->
  <testcase classname="com.catering.test.Cateringtest" name="selectItems" time="0.0">
    <ignored/>
  </testcase> <!-- selectItems -->
  <testcase classname="com.catering.test.Cateringtest" name="createOrderRequest" time="0.0">
    <ignored/>
  </testcase> <!-- createOrderRequest -->
  <testcase classname="com.catering.test.Cateringtest" name="getPayments" time="0.0">
    <ignored/>
  </testcase> <!-- getPayments -->
</testsuite> <!-- Test -->
