<?xml version="1.0" encoding="UTF-8"?>
<testng-results ignored="7" total="8" passed="1" failed="0" skipped="0">
  <reporter-output>
  </reporter-output>
  <suite started-at="2024-10-07T10:50:38 IST" name="Suite" finished-at="2024-10-07T10:50:44 IST" duration-ms="6745">
    <groups>
    </groups>
    <test started-at="2024-10-07T10:50:38 IST" name="Test" finished-at="2024-10-07T10:50:44 IST" duration-ms="6745">
      <class name="com.catering.test.Cateringtest">
        <test-method is-config="true" signature="setup()[pri:0, instance:com.catering.test.Cateringtest@1568159]" started-at="2024-10-07T10:50:38 IST" name="setup" finished-at="2024-10-07T10:50:38 IST" duration-ms="663" status="PASS">
          <reporter-output>
          </reporter-output>
        </test-method> <!-- setup -->
        <test-method signature="loginAndSelectItemsForUsers()[pri:0, instance:com.catering.test.Cateringtest@1568159]" started-at="2024-10-07T10:50:38 IST" name="loginAndSelectItemsForUsers" finished-at="2024-10-07T10:50:44 IST" duration-ms="5963" status="PASS">
          <reporter-output>
          </reporter-output>
        </test-method> <!-- loginAndSelectItemsForUsers -->
      </class> <!-- com.catering.test.Cateringtest -->
    </test> <!-- Test -->
  </suite> <!-- Suite -->
</testng-results>
