<?xml version="1.0" encoding="UTF-8"?>
<testng-results ignored="7" total="8" passed="1" failed="0" skipped="0">
  <reporter-output>
  </reporter-output>
  <suite started-at="2024-10-04T18:37:12 IST" name="Suite" finished-at="2024-10-04T18:37:19 IST" duration-ms="7207">
    <groups>
    </groups>
    <test started-at="2024-10-04T18:37:12 IST" name="Test" finished-at="2024-10-04T18:37:19 IST" duration-ms="7207">
      <class name="com.catering.test.Cateringtest">
        <test-method is-config="true" signature="setup()[pri:0, instance:com.catering.test.Cateringtest@78d39a69]" started-at="2024-10-04T18:37:12 IST" name="setup" finished-at="2024-10-04T18:37:13 IST" duration-ms="765" status="PASS">
          <reporter-output>
          </reporter-output>
        </test-method> <!-- setup -->
        <test-method signature="loginAndSelectItemsForUsers()[pri:0, instance:com.catering.test.Cateringtest@78d39a69]" started-at="2024-10-04T18:37:13 IST" name="loginAndSelectItemsForUsers" finished-at="2024-10-04T18:37:19 IST" duration-ms="6273" status="PASS">
          <reporter-output>
          </reporter-output>
        </test-method> <!-- loginAndSelectItemsForUsers -->
      </class> <!-- com.catering.test.Cateringtest -->
    </test> <!-- Test -->
  </suite> <!-- Suite -->
</testng-results>
